2023-04-18 16:13:57.476  INFO 15384 --- [main] com.lp.Bugai001Application               : Starting Bugai001Application using Java 1.8.0_202 on 龙平 with PID 15384 (D:\javaDemo\bugai-001\target\classes started by lp157 in D:\javaDemo\bugai-001)
2023-04-18 16:13:57.485  INFO 15384 --- [main] com.lp.Bugai001Application               : No active profile set, falling back to 1 default profile: "default"
2023-04-18 16:13:59.257  INFO 15384 --- [main] o.s.b.w.embedded.tomcat.TomcatWebServer  : Tomcat initialized with port(s): 2020 (http)
2023-04-18 16:13:59.268  INFO 15384 --- [main] o.apache.catalina.core.StandardService   : Starting service [Tomcat]
2023-04-18 16:13:59.269  INFO 15384 --- [main] org.apache.catalina.core.StandardEngine  : Starting Servlet engine: [Apache Tomcat/9.0.68]
2023-04-18 16:13:59.440  INFO 15384 --- [main] o.a.c.c.C.[Tomcat].[localhost].[/]       : Initializing Spring embedded WebApplicationContext
2023-04-18 16:13:59.440  INFO 15384 --- [main] w.s.c.ServletWebServerApplicationContext : Root WebApplicationContext: initialization completed in 1877 ms
2023-04-18 16:13:59.613  INFO 15384 --- [main] c.a.d.s.b.a.DruidDataSourceAutoConfigure : Init DruidDataSource
2023-04-18 16:13:59.810  INFO 15384 --- [main] com.alibaba.druid.pool.DruidDataSource   : {dataSource-1} inited
2023-04-18 16:14:01.318  WARN 15384 --- [main] o.s.s.c.a.web.builders.WebSecurity       : You are asking Spring Security to ignore Ant [pattern='/system/appUpdate']. This is not recommended -- please use permitAll via HttpSecurity#authorizeHttpRequests instead.
2023-04-18 16:14:01.319  INFO 15384 --- [main] o.s.s.web.DefaultSecurityFilterChain     : Will not secure Ant [pattern='/system/appUpdate']
2023-04-18 16:14:01.319  WARN 15384 --- [main] o.s.s.c.a.web.builders.WebSecurity       : You are asking Spring Security to ignore Ant [pattern='/login']. This is not recommended -- please use permitAll via HttpSecurity#authorizeHttpRequests instead.
2023-04-18 16:14:01.319  INFO 15384 --- [main] o.s.s.web.DefaultSecurityFilterChain     : Will not secure Ant [pattern='/login']
2023-04-18 16:14:01.320  WARN 15384 --- [main] o.s.s.c.a.web.builders.WebSecurity       : You are asking Spring Security to ignore Ant [pattern='/user/logout']. This is not recommended -- please use permitAll via HttpSecurity#authorizeHttpRequests instead.
2023-04-18 16:14:01.320  INFO 15384 --- [main] o.s.s.web.DefaultSecurityFilterChain     : Will not secure Ant [pattern='/user/logout']
2023-04-18 16:14:01.320  WARN 15384 --- [main] o.s.s.c.a.web.builders.WebSecurity       : You are asking Spring Security to ignore Ant [pattern='/user/add']. This is not recommended -- please use permitAll via HttpSecurity#authorizeHttpRequests instead.
2023-04-18 16:14:01.320  INFO 15384 --- [main] o.s.s.web.DefaultSecurityFilterChain     : Will not secure Ant [pattern='/user/add']
2023-04-18 16:14:01.320  WARN 15384 --- [main] o.s.s.c.a.web.builders.WebSecurity       : You are asking Spring Security to ignore Ant [pattern='/user/register']. This is not recommended -- please use permitAll via HttpSecurity#authorizeHttpRequests instead.
2023-04-18 16:14:01.320  INFO 15384 --- [main] o.s.s.web.DefaultSecurityFilterChain     : Will not secure Ant [pattern='/user/register']
2023-04-18 16:14:01.320  WARN 15384 --- [main] o.s.s.c.a.web.builders.WebSecurity       : You are asking Spring Security to ignore Ant [pattern='/user/forget']. This is not recommended -- please use permitAll via HttpSecurity#authorizeHttpRequests instead.
2023-04-18 16:14:01.320  INFO 15384 --- [main] o.s.s.web.DefaultSecurityFilterChain     : Will not secure Ant [pattern='/user/forget']
2023-04-18 16:14:01.320  WARN 15384 --- [main] o.s.s.c.a.web.builders.WebSecurity       : You are asking Spring Security to ignore Ant [pattern='/email/forget']. This is not recommended -- please use permitAll via HttpSecurity#authorizeHttpRequests instead.
2023-04-18 16:14:01.320  INFO 15384 --- [main] o.s.s.web.DefaultSecurityFilterChain     : Will not secure Ant [pattern='/email/forget']
2023-04-18 16:14:01.321  WARN 15384 --- [main] o.s.s.c.a.web.builders.WebSecurity       : You are asking Spring Security to ignore Ant [pattern='/email/register']. This is not recommended -- please use permitAll via HttpSecurity#authorizeHttpRequests instead.
2023-04-18 16:14:01.321  INFO 15384 --- [main] o.s.s.web.DefaultSecurityFilterChain     : Will not secure Ant [pattern='/email/register']
2023-04-18 16:14:01.321  WARN 15384 --- [main] o.s.s.c.a.web.builders.WebSecurity       : You are asking Spring Security to ignore Ant [pattern='/logout']. This is not recommended -- please use permitAll via HttpSecurity#authorizeHttpRequests instead.
2023-04-18 16:14:01.321  INFO 15384 --- [main] o.s.s.web.DefaultSecurityFilterChain     : Will not secure Ant [pattern='/logout']
2023-04-18 16:14:01.321  WARN 15384 --- [main] o.s.s.c.a.web.builders.WebSecurity       : You are asking Spring Security to ignore Ant [pattern='/css/**']. This is not recommended -- please use permitAll via HttpSecurity#authorizeHttpRequests instead.
2023-04-18 16:14:01.321  INFO 15384 --- [main] o.s.s.web.DefaultSecurityFilterChain     : Will not secure Ant [pattern='/css/**']
2023-04-18 16:14:01.321  WARN 15384 --- [main] o.s.s.c.a.web.builders.WebSecurity       : You are asking Spring Security to ignore Ant [pattern='/js/**']. This is not recommended -- please use permitAll via HttpSecurity#authorizeHttpRequests instead.
2023-04-18 16:14:01.321  INFO 15384 --- [main] o.s.s.web.DefaultSecurityFilterChain     : Will not secure Ant [pattern='/js/**']
2023-04-18 16:14:01.321  WARN 15384 --- [main] o.s.s.c.a.web.builders.WebSecurity       : You are asking Spring Security to ignore Ant [pattern='/index.html']. This is not recommended -- please use permitAll via HttpSecurity#authorizeHttpRequests instead.
2023-04-18 16:14:01.322  INFO 15384 --- [main] o.s.s.web.DefaultSecurityFilterChain     : Will not secure Ant [pattern='/index.html']
2023-04-18 16:14:01.322  WARN 15384 --- [main] o.s.s.c.a.web.builders.WebSecurity       : You are asking Spring Security to ignore Ant [pattern='favicon.ico']. This is not recommended -- please use permitAll via HttpSecurity#authorizeHttpRequests instead.
2023-04-18 16:14:01.322  INFO 15384 --- [main] o.s.s.web.DefaultSecurityFilterChain     : Will not secure Ant [pattern='favicon.ico']
2023-04-18 16:14:01.322  WARN 15384 --- [main] o.s.s.c.a.web.builders.WebSecurity       : You are asking Spring Security to ignore Ant [pattern='/doc.html']. This is not recommended -- please use permitAll via HttpSecurity#authorizeHttpRequests instead.
2023-04-18 16:14:01.322  INFO 15384 --- [main] o.s.s.web.DefaultSecurityFilterChain     : Will not secure Ant [pattern='/doc.html']
2023-04-18 16:14:01.322  WARN 15384 --- [main] o.s.s.c.a.web.builders.WebSecurity       : You are asking Spring Security to ignore Ant [pattern='webjars/**']. This is not recommended -- please use permitAll via HttpSecurity#authorizeHttpRequests instead.
2023-04-18 16:14:01.323  INFO 15384 --- [main] o.s.s.web.DefaultSecurityFilterChain     : Will not secure Ant [pattern='webjars/**']
2023-04-18 16:14:01.323  WARN 15384 --- [main] o.s.s.c.a.web.builders.WebSecurity       : You are asking Spring Security to ignore Ant [pattern='/swagger-resources/**']. This is not recommended -- please use permitAll via HttpSecurity#authorizeHttpRequests instead.
2023-04-18 16:14:01.323  INFO 15384 --- [main] o.s.s.web.DefaultSecurityFilterChain     : Will not secure Ant [pattern='/swagger-resources/**']
2023-04-18 16:14:01.324  WARN 15384 --- [main] o.s.s.c.a.web.builders.WebSecurity       : You are asking Spring Security to ignore Ant [pattern='/v2/api-docs/**']. This is not recommended -- please use permitAll via HttpSecurity#authorizeHttpRequests instead.
2023-04-18 16:14:01.324  INFO 15384 --- [main] o.s.s.web.DefaultSecurityFilterChain     : Will not secure Ant [pattern='/v2/api-docs/**']
2023-04-18 16:14:01.324  WARN 15384 --- [main] o.s.s.c.a.web.builders.WebSecurity       : You are asking Spring Security to ignore Ant [pattern='/vc.jpg']. This is not recommended -- please use permitAll via HttpSecurity#authorizeHttpRequests instead.
2023-04-18 16:14:01.324  INFO 15384 --- [main] o.s.s.web.DefaultSecurityFilterChain     : Will not secure Ant [pattern='/vc.jpg']
2023-04-18 16:14:01.324  WARN 15384 --- [main] o.s.s.c.a.web.builders.WebSecurity       : You are asking Spring Security to ignore Ant [pattern='/doc.html']. This is not recommended -- please use permitAll via HttpSecurity#authorizeHttpRequests instead.
2023-04-18 16:14:01.324  INFO 15384 --- [main] o.s.s.web.DefaultSecurityFilterChain     : Will not secure Ant [pattern='/doc.html']
2023-04-18 16:14:01.324  WARN 15384 --- [main] o.s.s.c.a.web.builders.WebSecurity       : You are asking Spring Security to ignore Ant [pattern='/webjars/**']. This is not recommended -- please use permitAll via HttpSecurity#authorizeHttpRequests instead.
2023-04-18 16:14:01.324  INFO 15384 --- [main] o.s.s.web.DefaultSecurityFilterChain     : Will not secure Ant [pattern='/webjars/**']
2023-04-18 16:14:01.364  INFO 15384 --- [main] o.s.s.web.DefaultSecurityFilterChain     : Will secure any request with [org.springframework.security.web.session.DisableEncodeUrlFilter@5d5c41e5, org.springframework.security.web.context.request.async.WebAsyncManagerIntegrationFilter@43245559, org.springframework.security.web.context.SecurityContextPersistenceFilter@1a950fdd, org.springframework.security.web.header.HeaderWriterFilter@656a3d6b, org.springframework.web.filter.CorsFilter@42e4e589, org.springframework.security.web.authentication.logout.LogoutFilter@18a096b5, com.lp.config.security.JwtAuthenticationTokenFilter@79a7bfbc, org.springframework.security.web.savedrequest.RequestCacheAwareFilter@27dc627a, org.springframework.security.web.servletapi.SecurityContextHolderAwareRequestFilter@6c977dcf, org.springframework.security.web.authentication.AnonymousAuthenticationFilter@499ee966, org.springframework.security.web.session.SessionManagementFilter@3f8dfe74, org.springframework.security.web.access.ExceptionTranslationFilter@4f93bf0a, org.springframework.security.web.access.intercept.FilterSecurityInterceptor@52f6900a]
2023-04-18 16:14:01.473  INFO 15384 --- [main] o.s.b.w.embedded.tomcat.TomcatWebServer  : Tomcat started on port(s): 2020 (http) with context path ''
2023-04-18 16:14:01.933  INFO 15384 --- [main] com.lp.Bugai001Application               : Started Bugai001Application in 5.2 seconds (JVM running for 7.908)
2023-04-18 16:14:07.520  INFO 15384 --- [http-nio-2020-exec-1] o.a.c.c.C.[Tomcat].[localhost].[/]       : Initializing Spring DispatcherServlet 'dispatcherServlet'
2023-04-18 16:14:07.521  INFO 15384 --- [http-nio-2020-exec-1] o.s.web.servlet.DispatcherServlet        : Initializing Servlet 'dispatcherServlet'
2023-04-18 16:14:07.526  INFO 15384 --- [http-nio-2020-exec-1] o.s.web.servlet.DispatcherServlet        : Completed initialization in 5 ms
2023-04-18 16:19:02.192  INFO 15384 --- [SpringApplicationShutdownHook] com.alibaba.druid.pool.DruidDataSource   : {dataSource-1} closing ...
2023-04-18 16:19:02.195  INFO 15384 --- [SpringApplicationShutdownHook] com.alibaba.druid.pool.DruidDataSource   : {dataSource-1} closed
2023-04-18 16:21:02.854  INFO 4908 --- [main] com.lp.Bugai001Application               : Starting Bugai001Application using Java 1.8.0_202 on 龙平 with PID 4908 (D:\javaDemo\bugai-001\target\classes started by lp157 in D:\javaDemo\bugai-001)
2023-04-18 16:21:02.857  INFO 4908 --- [main] com.lp.Bugai001Application               : No active profile set, falling back to 1 default profile: "default"
2023-04-18 16:21:04.114  INFO 4908 --- [main] o.s.b.w.embedded.tomcat.TomcatWebServer  : Tomcat initialized with port(s): 2020 (http)
2023-04-18 16:21:04.121  INFO 4908 --- [main] o.apache.catalina.core.StandardService   : Starting service [Tomcat]
2023-04-18 16:21:04.121  INFO 4908 --- [main] org.apache.catalina.core.StandardEngine  : Starting Servlet engine: [Apache Tomcat/9.0.68]
2023-04-18 16:21:04.247  INFO 4908 --- [main] o.a.c.c.C.[Tomcat].[localhost].[/]       : Initializing Spring embedded WebApplicationContext
2023-04-18 16:21:04.248  INFO 4908 --- [main] w.s.c.ServletWebServerApplicationContext : Root WebApplicationContext: initialization completed in 1341 ms
2023-04-18 16:21:04.348  INFO 4908 --- [main] c.a.d.s.b.a.DruidDataSourceAutoConfigure : Init DruidDataSource
2023-04-18 16:21:04.466  INFO 4908 --- [main] com.alibaba.druid.pool.DruidDataSource   : {dataSource-1} inited
2023-04-18 16:21:05.604  WARN 4908 --- [main] o.s.s.c.a.web.builders.WebSecurity       : You are asking Spring Security to ignore Ant [pattern='/system/appUpdate']. This is not recommended -- please use permitAll via HttpSecurity#authorizeHttpRequests instead.
2023-04-18 16:21:05.605  INFO 4908 --- [main] o.s.s.web.DefaultSecurityFilterChain     : Will not secure Ant [pattern='/system/appUpdate']
2023-04-18 16:21:05.605  WARN 4908 --- [main] o.s.s.c.a.web.builders.WebSecurity       : You are asking Spring Security to ignore Ant [pattern='/login']. This is not recommended -- please use permitAll via HttpSecurity#authorizeHttpRequests instead.
2023-04-18 16:21:05.605  INFO 4908 --- [main] o.s.s.web.DefaultSecurityFilterChain     : Will not secure Ant [pattern='/login']
2023-04-18 16:21:05.605  WARN 4908 --- [main] o.s.s.c.a.web.builders.WebSecurity       : You are asking Spring Security to ignore Ant [pattern='/user/logout']. This is not recommended -- please use permitAll via HttpSecurity#authorizeHttpRequests instead.
2023-04-18 16:21:05.605  INFO 4908 --- [main] o.s.s.web.DefaultSecurityFilterChain     : Will not secure Ant [pattern='/user/logout']
2023-04-18 16:21:05.606  WARN 4908 --- [main] o.s.s.c.a.web.builders.WebSecurity       : You are asking Spring Security to ignore Ant [pattern='/user/add']. This is not recommended -- please use permitAll via HttpSecurity#authorizeHttpRequests instead.
2023-04-18 16:21:05.606  INFO 4908 --- [main] o.s.s.web.DefaultSecurityFilterChain     : Will not secure Ant [pattern='/user/add']
2023-04-18 16:21:05.606  WARN 4908 --- [main] o.s.s.c.a.web.builders.WebSecurity       : You are asking Spring Security to ignore Ant [pattern='/user/register']. This is not recommended -- please use permitAll via HttpSecurity#authorizeHttpRequests instead.
2023-04-18 16:21:05.606  INFO 4908 --- [main] o.s.s.web.DefaultSecurityFilterChain     : Will not secure Ant [pattern='/user/register']
2023-04-18 16:21:05.606  WARN 4908 --- [main] o.s.s.c.a.web.builders.WebSecurity       : You are asking Spring Security to ignore Ant [pattern='/user/forget']. This is not recommended -- please use permitAll via HttpSecurity#authorizeHttpRequests instead.
2023-04-18 16:21:05.606  INFO 4908 --- [main] o.s.s.web.DefaultSecurityFilterChain     : Will not secure Ant [pattern='/user/forget']
2023-04-18 16:21:05.606  WARN 4908 --- [main] o.s.s.c.a.web.builders.WebSecurity       : You are asking Spring Security to ignore Ant [pattern='/email/forget']. This is not recommended -- please use permitAll via HttpSecurity#authorizeHttpRequests instead.
2023-04-18 16:21:05.606  INFO 4908 --- [main] o.s.s.web.DefaultSecurityFilterChain     : Will not secure Ant [pattern='/email/forget']
2023-04-18 16:21:05.606  WARN 4908 --- [main] o.s.s.c.a.web.builders.WebSecurity       : You are asking Spring Security to ignore Ant [pattern='/email/register']. This is not recommended -- please use permitAll via HttpSecurity#authorizeHttpRequests instead.
2023-04-18 16:21:05.606  INFO 4908 --- [main] o.s.s.web.DefaultSecurityFilterChain     : Will not secure Ant [pattern='/email/register']
2023-04-18 16:21:05.606  WARN 4908 --- [main] o.s.s.c.a.web.builders.WebSecurity       : You are asking Spring Security to ignore Ant [pattern='/logout']. This is not recommended -- please use permitAll via HttpSecurity#authorizeHttpRequests instead.
2023-04-18 16:21:05.607  INFO 4908 --- [main] o.s.s.web.DefaultSecurityFilterChain     : Will not secure Ant [pattern='/logout']
2023-04-18 16:21:05.607  WARN 4908 --- [main] o.s.s.c.a.web.builders.WebSecurity       : You are asking Spring Security to ignore Ant [pattern='/css/**']. This is not recommended -- please use permitAll via HttpSecurity#authorizeHttpRequests instead.
2023-04-18 16:21:05.607  INFO 4908 --- [main] o.s.s.web.DefaultSecurityFilterChain     : Will not secure Ant [pattern='/css/**']
2023-04-18 16:21:05.607  WARN 4908 --- [main] o.s.s.c.a.web.builders.WebSecurity       : You are asking Spring Security to ignore Ant [pattern='/js/**']. This is not recommended -- please use permitAll via HttpSecurity#authorizeHttpRequests instead.
2023-04-18 16:21:05.608  INFO 4908 --- [main] o.s.s.web.DefaultSecurityFilterChain     : Will not secure Ant [pattern='/js/**']
2023-04-18 16:21:05.608  WARN 4908 --- [main] o.s.s.c.a.web.builders.WebSecurity       : You are asking Spring Security to ignore Ant [pattern='/index.html']. This is not recommended -- please use permitAll via HttpSecurity#authorizeHttpRequests instead.
2023-04-18 16:21:05.608  INFO 4908 --- [main] o.s.s.web.DefaultSecurityFilterChain     : Will not secure Ant [pattern='/index.html']
2023-04-18 16:21:05.608  WARN 4908 --- [main] o.s.s.c.a.web.builders.WebSecurity       : You are asking Spring Security to ignore Ant [pattern='favicon.ico']. This is not recommended -- please use permitAll via HttpSecurity#authorizeHttpRequests instead.
2023-04-18 16:21:05.608  INFO 4908 --- [main] o.s.s.web.DefaultSecurityFilterChain     : Will not secure Ant [pattern='favicon.ico']
2023-04-18 16:21:05.608  WARN 4908 --- [main] o.s.s.c.a.web.builders.WebSecurity       : You are asking Spring Security to ignore Ant [pattern='/doc.html']. This is not recommended -- please use permitAll via HttpSecurity#authorizeHttpRequests instead.
2023-04-18 16:21:05.608  INFO 4908 --- [main] o.s.s.web.DefaultSecurityFilterChain     : Will not secure Ant [pattern='/doc.html']
2023-04-18 16:21:05.608  WARN 4908 --- [main] o.s.s.c.a.web.builders.WebSecurity       : You are asking Spring Security to ignore Ant [pattern='webjars/**']. This is not recommended -- please use permitAll via HttpSecurity#authorizeHttpRequests instead.
2023-04-18 16:21:05.608  INFO 4908 --- [main] o.s.s.web.DefaultSecurityFilterChain     : Will not secure Ant [pattern='webjars/**']
2023-04-18 16:21:05.608  WARN 4908 --- [main] o.s.s.c.a.web.builders.WebSecurity       : You are asking Spring Security to ignore Ant [pattern='/swagger-resources/**']. This is not recommended -- please use permitAll via HttpSecurity#authorizeHttpRequests instead.
2023-04-18 16:21:05.609  INFO 4908 --- [main] o.s.s.web.DefaultSecurityFilterChain     : Will not secure Ant [pattern='/swagger-resources/**']
2023-04-18 16:21:05.609  WARN 4908 --- [main] o.s.s.c.a.web.builders.WebSecurity       : You are asking Spring Security to ignore Ant [pattern='/v2/api-docs/**']. This is not recommended -- please use permitAll via HttpSecurity#authorizeHttpRequests instead.
2023-04-18 16:21:05.609  INFO 4908 --- [main] o.s.s.web.DefaultSecurityFilterChain     : Will not secure Ant [pattern='/v2/api-docs/**']
2023-04-18 16:21:05.609  WARN 4908 --- [main] o.s.s.c.a.web.builders.WebSecurity       : You are asking Spring Security to ignore Ant [pattern='/vc.jpg']. This is not recommended -- please use permitAll via HttpSecurity#authorizeHttpRequests instead.
2023-04-18 16:21:05.609  INFO 4908 --- [main] o.s.s.web.DefaultSecurityFilterChain     : Will not secure Ant [pattern='/vc.jpg']
2023-04-18 16:21:05.609  WARN 4908 --- [main] o.s.s.c.a.web.builders.WebSecurity       : You are asking Spring Security to ignore Ant [pattern='/doc.html']. This is not recommended -- please use permitAll via HttpSecurity#authorizeHttpRequests instead.
2023-04-18 16:21:05.609  INFO 4908 --- [main] o.s.s.web.DefaultSecurityFilterChain     : Will not secure Ant [pattern='/doc.html']
2023-04-18 16:21:05.609  WARN 4908 --- [main] o.s.s.c.a.web.builders.WebSecurity       : You are asking Spring Security to ignore Ant [pattern='/webjars/**']. This is not recommended -- please use permitAll via HttpSecurity#authorizeHttpRequests instead.
2023-04-18 16:21:05.610  INFO 4908 --- [main] o.s.s.web.DefaultSecurityFilterChain     : Will not secure Ant [pattern='/webjars/**']
2023-04-18 16:21:05.645  INFO 4908 --- [main] o.s.s.web.DefaultSecurityFilterChain     : Will secure any request with [org.springframework.security.web.session.DisableEncodeUrlFilter@23ca36d, org.springframework.security.web.context.request.async.WebAsyncManagerIntegrationFilter@52f6900a, org.springframework.security.web.context.SecurityContextPersistenceFilter@25b38203, org.springframework.security.web.header.HeaderWriterFilter@3dce6dd8, org.springframework.web.filter.CorsFilter@7bbcf6f0, org.springframework.security.web.authentication.logout.LogoutFilter@12417468, com.lp.config.security.JwtAuthenticationTokenFilter@7da39774, org.springframework.security.web.savedrequest.RequestCacheAwareFilter@55acec99, org.springframework.security.web.servletapi.SecurityContextHolderAwareRequestFilter@2519026b, org.springframework.security.web.authentication.AnonymousAuthenticationFilter@2b80e5a9, org.springframework.security.web.session.SessionManagementFilter@322204dc, org.springframework.security.web.access.ExceptionTranslationFilter@faea4da, org.springframework.security.web.access.intercept.FilterSecurityInterceptor@4877919f]
2023-04-18 16:21:05.723  INFO 4908 --- [main] o.s.b.w.embedded.tomcat.TomcatWebServer  : Tomcat started on port(s): 2020 (http) with context path ''
2023-04-18 16:21:06.108  INFO 4908 --- [main] com.lp.Bugai001Application               : Started Bugai001Application in 3.685 seconds (JVM running for 5.995)
2023-04-18 16:22:59.946  INFO 4908 --- [http-nio-2020-exec-1] o.a.c.c.C.[Tomcat].[localhost].[/]       : Initializing Spring DispatcherServlet 'dispatcherServlet'
2023-04-18 16:22:59.946  INFO 4908 --- [http-nio-2020-exec-1] o.s.web.servlet.DispatcherServlet        : Initializing Servlet 'dispatcherServlet'
2023-04-18 16:22:59.949  INFO 4908 --- [http-nio-2020-exec-1] o.s.web.servlet.DispatcherServlet        : Completed initialization in 3 ms
2023-04-18 16:26:51.196  WARN 4908 --- [http-nio-2020-exec-9] c.a.druid.pool.DruidAbstractDataSource   : discard long time none received connection. , jdbcUrl : jdbc:mysql://43.142.110.71:3306/bugai, version : 1.2.5, lastPacketReceivedIdleMillis : 202356
2023-04-18 16:30:36.761  INFO 4908 --- [SpringApplicationShutdownHook] com.alibaba.druid.pool.DruidDataSource   : {dataSource-1} closing ...
2023-04-18 16:30:36.763  INFO 4908 --- [SpringApplicationShutdownHook] com.alibaba.druid.pool.DruidDataSource   : {dataSource-1} closed
